<?xml version="1.0" encoding="UTF-8"?>
<testsuite name="com.jojoldu.book2.springboot.web.PostsApiControllerTest" tests="2" skipped="0" failures="0" errors="0" timestamp="2020-07-16T12:49:20" hostname="YE-EUN" time="0.158">
  <properties/>
  <testcase name="Posts_등록된다" classname="com.jojoldu.book2.springboot.web.PostsApiControllerTest" time="0.107"/>
  <testcase name="Posts_수정된다" classname="com.jojoldu.book2.springboot.web.PostsApiControllerTest" time="0.05"/>
  <system-out><![CDATA[2020-07-16 21:49:20.937  INFO 12192 --- [    Test worker] .b.t.c.SpringBootTestContextBootstrapper : Neither @ContextConfiguration nor @ContextHierarchy found for test class [com.jojoldu.book2.springboot.web.PostsApiControllerTest], using SpringBootContextLoader
2020-07-16 21:49:20.937  INFO 12192 --- [    Test worker] o.s.t.c.support.AbstractContextLoader    : Could not detect default resource locations for test class [com.jojoldu.book2.springboot.web.PostsApiControllerTest]: no resource found for suffixes {-context.xml, Context.groovy}.
2020-07-16 21:49:20.937  INFO 12192 --- [    Test worker] t.c.s.AnnotationConfigContextLoaderUtils : Could not detect default configuration classes for test class [com.jojoldu.book2.springboot.web.PostsApiControllerTest]: PostsApiControllerTest does not declare any static, non-private, non-final, nested classes annotated with @Configuration.
2020-07-16 21:49:20.937  INFO 12192 --- [    Test worker] .b.t.c.SpringBootTestContextBootstrapper : Found @SpringBootConfiguration com.jojoldu.book2.springboot.Application for test class com.jojoldu.book2.springboot.web.PostsApiControllerTest
2020-07-16 21:49:20.952  INFO 12192 --- [    Test worker] .b.t.c.SpringBootTestContextBootstrapper : Loaded default TestExecutionListener class names from location [META-INF/spring.factories]: [org.springframework.security.test.context.support.WithSecurityContextTestExecutionListener, org.springframework.security.test.context.support.ReactorContextTestExecutionListener, org.springframework.boot.test.autoconfigure.restdocs.RestDocsTestExecutionListener, org.springframework.boot.test.autoconfigure.web.client.MockRestServiceServerResetTestExecutionListener, org.springframework.boot.test.autoconfigure.web.servlet.MockMvcPrintOnlyOnFailureTestExecutionListener, org.springframework.boot.test.autoconfigure.web.servlet.WebDriverTestExecutionListener, org.springframework.boot.test.mock.mockito.MockitoTestExecutionListener, org.springframework.boot.test.mock.mockito.ResetMocksTestExecutionListener, org.springframework.test.context.web.ServletTestExecutionListener, org.springframework.test.context.support.DirtiesContextBeforeModesTestExecutionListener, org.springframework.test.context.support.DependencyInjectionTestExecutionListener, org.springframework.test.context.support.DirtiesContextTestExecutionListener, org.springframework.test.context.transaction.TransactionalTestExecutionListener, org.springframework.test.context.jdbc.SqlScriptsTestExecutionListener]
2020-07-16 21:49:20.952  INFO 12192 --- [    Test worker] .b.t.c.SpringBootTestContextBootstrapper : Using TestExecutionListeners: [org.springframework.test.context.web.ServletTestExecutionListener@8325e4c, org.springframework.test.context.support.DirtiesContextBeforeModesTestExecutionListener@51b2159a, org.springframework.boot.test.mock.mockito.MockitoTestExecutionListener@69ed81ec, org.springframework.boot.test.autoconfigure.SpringBootDependencyInjectionTestExecutionListener@112383a0, org.springframework.test.context.support.DirtiesContextTestExecutionListener@bf97ff6, org.springframework.test.context.transaction.TransactionalTestExecutionListener@4a26a5d6, org.springframework.test.context.jdbc.SqlScriptsTestExecutionListener@4fc1bf9f, org.springframework.security.test.context.support.WithSecurityContextTestExecutionListener@42f21b44, org.springframework.security.test.context.support.ReactorContextTestExecutionListener@234ca23, org.springframework.boot.test.autoconfigure.restdocs.RestDocsTestExecutionListener@7dc3d7a6, org.springframework.boot.test.autoconfigure.web.client.MockRestServiceServerResetTestExecutionListener@3f3cb2c6, org.springframework.boot.test.autoconfigure.web.servlet.MockMvcPrintOnlyOnFailureTestExecutionListener@6d46a65e, org.springframework.boot.test.autoconfigure.web.servlet.WebDriverTestExecutionListener@49871c07, org.springframework.boot.test.mock.mockito.ResetMocksTestExecutionListener@2a1a9c76]
2020-07-16 21:49:20.952  INFO 12192 --- [    Test worker] o.a.c.c.C.[Tomcat].[localhost].[/]       : Initializing Spring TestDispatcherServlet ''
2020-07-16 21:49:20.952  INFO 12192 --- [    Test worker] o.s.t.web.servlet.TestDispatcherServlet  : Initializing Servlet ''
2020-07-16 21:49:20.952  INFO 12192 --- [    Test worker] o.s.t.web.servlet.TestDispatcherServlet  : Completed initialization in 0 ms
2020-07-16 21:49:21.064  INFO 12192 --- [    Test worker] o.a.c.c.C.[Tomcat].[localhost].[/]       : Initializing Spring TestDispatcherServlet ''
2020-07-16 21:49:21.064  INFO 12192 --- [    Test worker] o.s.t.web.servlet.TestDispatcherServlet  : Initializing Servlet ''
2020-07-16 21:49:21.064  INFO 12192 --- [    Test worker] o.s.t.web.servlet.TestDispatcherServlet  : Completed initialization in 0 ms
]]></system-out>
  <system-err><![CDATA[]]></system-err>
</testsuite>
