<?xml version="1.0" encoding="UTF-8"?>
<testsuite name="com.jojoldu.book2.springboot.web.IndexControllerTest" tests="1" skipped="0" failures="0" errors="0" timestamp="2020-07-24T12:43:50" hostname="YE-EUN" time="0.267">
  <properties/>
  <testcase name="메인페이지_로딩" classname="com.jojoldu.book2.springboot.web.IndexControllerTest" time="0.267"/>
  <system-out><![CDATA[2020-07-24 21:43:47.395  INFO 12308 --- [    Test worker] .b.t.c.SpringBootTestContextBootstrapper : Neither @ContextConfiguration nor @ContextHierarchy found for test class [com.jojoldu.book2.springboot.web.IndexControllerTest], using SpringBootContextLoader
2020-07-24 21:43:47.395  INFO 12308 --- [    Test worker] o.s.t.c.support.AbstractContextLoader    : Could not detect default resource locations for test class [com.jojoldu.book2.springboot.web.IndexControllerTest]: no resource found for suffixes {-context.xml, Context.groovy}.
2020-07-24 21:43:47.395  INFO 12308 --- [    Test worker] t.c.s.AnnotationConfigContextLoaderUtils : Could not detect default configuration classes for test class [com.jojoldu.book2.springboot.web.IndexControllerTest]: IndexControllerTest does not declare any static, non-private, non-final, nested classes annotated with @Configuration.
2020-07-24 21:43:47.395  INFO 12308 --- [    Test worker] .b.t.c.SpringBootTestContextBootstrapper : Found @SpringBootConfiguration com.jojoldu.book2.springboot.Application for test class com.jojoldu.book2.springboot.web.IndexControllerTest
2020-07-24 21:43:47.395  INFO 12308 --- [    Test worker] .b.t.c.SpringBootTestContextBootstrapper : Loaded default TestExecutionListener class names from location [META-INF/spring.factories]: [org.springframework.security.test.context.support.WithSecurityContextTestExecutionListener, org.springframework.security.test.context.support.ReactorContextTestExecutionListener, org.springframework.boot.test.autoconfigure.restdocs.RestDocsTestExecutionListener, org.springframework.boot.test.autoconfigure.web.client.MockRestServiceServerResetTestExecutionListener, org.springframework.boot.test.autoconfigure.web.servlet.MockMvcPrintOnlyOnFailureTestExecutionListener, org.springframework.boot.test.autoconfigure.web.servlet.WebDriverTestExecutionListener, org.springframework.boot.test.mock.mockito.MockitoTestExecutionListener, org.springframework.boot.test.mock.mockito.ResetMocksTestExecutionListener, org.springframework.test.context.web.ServletTestExecutionListener, org.springframework.test.context.support.DirtiesContextBeforeModesTestExecutionListener, org.springframework.test.context.support.DependencyInjectionTestExecutionListener, org.springframework.test.context.support.DirtiesContextTestExecutionListener, org.springframework.test.context.transaction.TransactionalTestExecutionListener, org.springframework.test.context.jdbc.SqlScriptsTestExecutionListener]
2020-07-24 21:43:47.395  INFO 12308 --- [    Test worker] .b.t.c.SpringBootTestContextBootstrapper : Using TestExecutionListeners: [org.springframework.test.context.web.ServletTestExecutionListener@5894e96e, org.springframework.test.context.support.DirtiesContextBeforeModesTestExecutionListener@2985fb0, org.springframework.boot.test.mock.mockito.MockitoTestExecutionListener@18467ed6, org.springframework.boot.test.autoconfigure.SpringBootDependencyInjectionTestExecutionListener@5dd976d9, org.springframework.test.context.support.DirtiesContextTestExecutionListener@22f92b95, org.springframework.test.context.transaction.TransactionalTestExecutionListener@625c95a5, org.springframework.test.context.jdbc.SqlScriptsTestExecutionListener@49c7f7f6, org.springframework.security.test.context.support.WithSecurityContextTestExecutionListener@5fbe3fa9, org.springframework.security.test.context.support.ReactorContextTestExecutionListener@34f00248, org.springframework.boot.test.autoconfigure.restdocs.RestDocsTestExecutionListener@320748ce, org.springframework.boot.test.autoconfigure.web.client.MockRestServiceServerResetTestExecutionListener@4489713f, org.springframework.boot.test.autoconfigure.web.servlet.MockMvcPrintOnlyOnFailureTestExecutionListener@6ae45d70, org.springframework.boot.test.autoconfigure.web.servlet.WebDriverTestExecutionListener@5eb2e026, org.springframework.boot.test.mock.mockito.ResetMocksTestExecutionListener@56fb9206]

  .   ____          _            __ _ _
 /\\ / ___'_ __ _ _(_)_ __  __ _ \ \ \ \
( ( )\___ | '_ | '_| | '_ \/ _` | \ \ \ \
 \\/  ___)| |_)| | | | | || (_| |  ) ) ) )
  '  |____| .__|_| |_|_| |_\__, | / / / /
 =========|_|==============|___/=/_/_/_/
 :: Spring Boot ::        (v2.1.7.RELEASE)

2020-07-24 21:43:47.457  INFO 12308 --- [    Test worker] c.j.b.s.web.IndexControllerTest          : Starting IndexControllerTest on YE-EUN with PID 12308 (started by kba30 in C:\Users\kba30\IdeaProjects\freelec-springboot-webservice)
2020-07-24 21:43:47.457  INFO 12308 --- [    Test worker] c.j.b.s.web.IndexControllerTest          : No active profile set, falling back to default profiles: default
2020-07-24 21:43:47.771  INFO 12308 --- [    Test worker] .s.d.r.c.RepositoryConfigurationDelegate : Bootstrapping Spring Data repositories in DEFAULT mode.
2020-07-24 21:43:47.802  INFO 12308 --- [    Test worker] .s.d.r.c.RepositoryConfigurationDelegate : Finished Spring Data repository scanning in 31ms. Found 2 repository interfaces.
2020-07-24 21:43:47.975  INFO 12308 --- [    Test worker] trationDelegate$BeanPostProcessorChecker : Bean 'org.springframework.transaction.annotation.ProxyTransactionManagementConfiguration' of type [org.springframework.transaction.annotation.ProxyTransactionManagementConfiguration$$EnhancerBySpringCGLIB$$1481d5c6] is not eligible for getting processed by all BeanPostProcessors (for example: not eligible for auto-proxying)
2020-07-24 21:43:48.366  INFO 12308 --- [    Test worker] o.s.b.w.embedded.tomcat.TomcatWebServer  : Tomcat initialized with port(s): 0 (http)
2020-07-24 21:43:48.413  INFO 12308 --- [    Test worker] o.apache.catalina.core.StandardService   : Starting service [Tomcat]
2020-07-24 21:43:48.413  INFO 12308 --- [    Test worker] org.apache.catalina.core.StandardEngine  : Starting Servlet engine: [Apache Tomcat/9.0.22]
2020-07-24 21:43:48.647  INFO 12308 --- [    Test worker] o.a.c.c.C.[Tomcat].[localhost].[/]       : Initializing Spring embedded WebApplicationContext
2020-07-24 21:43:48.647  INFO 12308 --- [    Test worker] o.s.web.context.ContextLoader            : Root WebApplicationContext: initialization completed in 1190 ms
2020-07-24 21:43:48.912  INFO 12308 --- [    Test worker] com.zaxxer.hikari.HikariDataSource       : HikariPool-2 - Starting...
2020-07-24 21:43:48.912  INFO 12308 --- [    Test worker] com.zaxxer.hikari.HikariDataSource       : HikariPool-2 - Start completed.
2020-07-24 21:43:49.023  INFO 12308 --- [    Test worker] o.hibernate.jpa.internal.util.LogHelper  : HHH000204: Processing PersistenceUnitInfo [
	name: default
	...]
2020-07-24 21:43:49.039  INFO 12308 --- [    Test worker] org.hibernate.dialect.Dialect            : HHH000400: Using dialect: org.hibernate.dialect.MySQL5InnoDBDialect
2020-07-24 21:43:49.134  INFO 12308 --- [    Test worker] o.h.t.schema.internal.SchemaCreatorImpl  : HHH000476: Executing import script 'org.hibernate.tool.schema.internal.exec.ScriptSourceInputNonExistentImpl@2e0974a5'
2020-07-24 21:43:49.134  INFO 12308 --- [    Test worker] j.LocalContainerEntityManagerFactoryBean : Initialized JPA EntityManagerFactory for persistence unit 'default'
2020-07-24 21:43:49.604  INFO 12308 --- [    Test worker] o.h.h.i.QueryTranslatorFactoryInitiator  : HHH000397: Using ASTQueryTranslatorFactory
2020-07-24 21:43:49.839  INFO 12308 --- [    Test worker] o.s.s.web.DefaultSecurityFilterChain     : Creating filter chain: any request, [org.springframework.security.web.context.request.async.WebAsyncManagerIntegrationFilter@f3d79ca, org.springframework.security.web.context.SecurityContextPersistenceFilter@722c4618, org.springframework.security.web.header.HeaderWriterFilter@71638092, org.springframework.security.web.authentication.logout.LogoutFilter@6ae637a4, org.springframework.security.oauth2.client.web.OAuth2AuthorizationRequestRedirectFilter@157a274d, org.springframework.security.oauth2.client.web.OAuth2LoginAuthenticationFilter@630ae66c, org.springframework.security.web.authentication.ui.DefaultLoginPageGeneratingFilter@7aeaa267, org.springframework.security.web.authentication.ui.DefaultLogoutPageGeneratingFilter@159487e5, org.springframework.security.web.savedrequest.RequestCacheAwareFilter@11ed372e, org.springframework.security.web.servletapi.SecurityContextHolderAwareRequestFilter@7c675291, org.springframework.security.web.authentication.AnonymousAuthenticationFilter@51909a55, org.springframework.security.web.session.SessionManagementFilter@5eab040e, org.springframework.security.web.access.ExceptionTranslationFilter@3a4b2d2e, org.springframework.security.web.access.intercept.FilterSecurityInterceptor@553ec04]
2020-07-24 21:43:50.104  INFO 12308 --- [    Test worker] o.s.s.concurrent.ThreadPoolTaskExecutor  : Initializing ExecutorService 'applicationTaskExecutor'
2020-07-24 21:43:50.127  WARN 12308 --- [    Test worker] aWebConfiguration$JpaWebMvcConfiguration : spring.jpa.open-in-view is enabled by default. Therefore, database queries may be performed during view rendering. Explicitly configure spring.jpa.open-in-view to disable this warning
2020-07-24 21:43:50.174  INFO 12308 --- [    Test worker] o.s.b.a.w.s.WelcomePageHandlerMapping    : Adding welcome page template: index
2020-07-24 21:43:50.550  INFO 12308 --- [    Test worker] s.a.ScheduledAnnotationBeanPostProcessor : No TaskScheduler/ScheduledExecutorService bean found for scheduled processing
2020-07-24 21:43:50.591  INFO 12308 --- [    Test worker] o.s.b.w.embedded.tomcat.TomcatWebServer  : Tomcat started on port(s): 63969 (http) with context path ''
2020-07-24 21:43:50.591  INFO 12308 --- [    Test worker] c.j.b.s.web.IndexControllerTest          : Started IndexControllerTest in 3.181 seconds (JVM running for 15.631)
2020-07-24 21:43:50.716  INFO 12308 --- [o-auto-1-exec-1] o.a.c.c.C.[Tomcat].[localhost].[/]       : Initializing Spring DispatcherServlet 'dispatcherServlet'
2020-07-24 21:43:50.732  INFO 12308 --- [o-auto-1-exec-1] o.s.web.servlet.DispatcherServlet        : Initializing Servlet 'dispatcherServlet'
2020-07-24 21:43:50.763  INFO 12308 --- [o-auto-1-exec-1] o.s.web.servlet.DispatcherServlet        : Completed initialization in 31 ms
]]></system-out>
  <system-err><![CDATA[]]></system-err>
</testsuite>
