<?xml version="1.0" encoding="UTF-8"?>
<testsuite name="com.jojoldu.book2.springboot.web.IndexControllerTest" tests="1" skipped="0" failures="0" errors="0" timestamp="2020-07-16T12:49:16" hostname="YE-EUN" time="0.512">
  <properties/>
  <testcase name="메인페이지_로딩" classname="com.jojoldu.book2.springboot.web.IndexControllerTest" time="0.512"/>
  <system-out><![CDATA[21:49:08.144 [Test worker] DEBUG org.springframework.test.context.junit4.SpringJUnit4ClassRunner - SpringJUnit4ClassRunner constructor called with [class com.jojoldu.book2.springboot.web.IndexControllerTest]
21:49:08.160 [Test worker] DEBUG org.springframework.test.context.BootstrapUtils - Instantiating CacheAwareContextLoaderDelegate from class [org.springframework.test.context.cache.DefaultCacheAwareContextLoaderDelegate]
21:49:08.176 [Test worker] DEBUG org.springframework.test.context.BootstrapUtils - Instantiating BootstrapContext using constructor [public org.springframework.test.context.support.DefaultBootstrapContext(java.lang.Class,org.springframework.test.context.CacheAwareContextLoaderDelegate)]
21:49:08.192 [Test worker] DEBUG org.springframework.test.context.BootstrapUtils - Instantiating TestContextBootstrapper for test class [com.jojoldu.book2.springboot.web.IndexControllerTest] from class [org.springframework.boot.test.context.SpringBootTestContextBootstrapper]
21:49:08.207 [Test worker] INFO org.springframework.boot.test.context.SpringBootTestContextBootstrapper - Neither @ContextConfiguration nor @ContextHierarchy found for test class [com.jojoldu.book2.springboot.web.IndexControllerTest], using SpringBootContextLoader
21:49:08.223 [Test worker] DEBUG org.springframework.test.context.support.AbstractContextLoader - Did not detect default resource location for test class [com.jojoldu.book2.springboot.web.IndexControllerTest]: class path resource [com/jojoldu/book2/springboot/web/IndexControllerTest-context.xml] does not exist
21:49:08.223 [Test worker] DEBUG org.springframework.test.context.support.AbstractContextLoader - Did not detect default resource location for test class [com.jojoldu.book2.springboot.web.IndexControllerTest]: class path resource [com/jojoldu/book2/springboot/web/IndexControllerTestContext.groovy] does not exist
21:49:08.223 [Test worker] INFO org.springframework.test.context.support.AbstractContextLoader - Could not detect default resource locations for test class [com.jojoldu.book2.springboot.web.IndexControllerTest]: no resource found for suffixes {-context.xml, Context.groovy}.
21:49:08.223 [Test worker] INFO org.springframework.test.context.support.AnnotationConfigContextLoaderUtils - Could not detect default configuration classes for test class [com.jojoldu.book2.springboot.web.IndexControllerTest]: IndexControllerTest does not declare any static, non-private, non-final, nested classes annotated with @Configuration.
21:49:08.270 [Test worker] DEBUG org.springframework.test.context.support.ActiveProfilesUtils - Could not find an 'annotation declaring class' for annotation type [org.springframework.test.context.ActiveProfiles] and class [com.jojoldu.book2.springboot.web.IndexControllerTest]
21:49:08.410 [Test worker] DEBUG org.springframework.context.annotation.ClassPathScanningCandidateComponentProvider - Identified candidate component class: file [C:\Users\kba30\IdeaProjects\freelec-springboot-webservice\build\classes\java\main\com\jojoldu\book2\springboot\Application.class]
21:49:08.410 [Test worker] INFO org.springframework.boot.test.context.SpringBootTestContextBootstrapper - Found @SpringBootConfiguration com.jojoldu.book2.springboot.Application for test class com.jojoldu.book2.springboot.web.IndexControllerTest
21:49:08.520 [Test worker] DEBUG org.springframework.boot.test.context.SpringBootTestContextBootstrapper - @TestExecutionListeners is not present for class [com.jojoldu.book2.springboot.web.IndexControllerTest]: using defaults.
21:49:08.520 [Test worker] INFO org.springframework.boot.test.context.SpringBootTestContextBootstrapper - Loaded default TestExecutionListener class names from location [META-INF/spring.factories]: [org.springframework.security.test.context.support.WithSecurityContextTestExecutionListener, org.springframework.security.test.context.support.ReactorContextTestExecutionListener, org.springframework.boot.test.autoconfigure.restdocs.RestDocsTestExecutionListener, org.springframework.boot.test.autoconfigure.web.client.MockRestServiceServerResetTestExecutionListener, org.springframework.boot.test.autoconfigure.web.servlet.MockMvcPrintOnlyOnFailureTestExecutionListener, org.springframework.boot.test.autoconfigure.web.servlet.WebDriverTestExecutionListener, org.springframework.boot.test.mock.mockito.MockitoTestExecutionListener, org.springframework.boot.test.mock.mockito.ResetMocksTestExecutionListener, org.springframework.test.context.web.ServletTestExecutionListener, org.springframework.test.context.support.DirtiesContextBeforeModesTestExecutionListener, org.springframework.test.context.support.DependencyInjectionTestExecutionListener, org.springframework.test.context.support.DirtiesContextTestExecutionListener, org.springframework.test.context.transaction.TransactionalTestExecutionListener, org.springframework.test.context.jdbc.SqlScriptsTestExecutionListener]
21:49:08.551 [Test worker] INFO org.springframework.boot.test.context.SpringBootTestContextBootstrapper - Using TestExecutionListeners: [org.springframework.test.context.web.ServletTestExecutionListener@3b03fc1c, org.springframework.test.context.support.DirtiesContextBeforeModesTestExecutionListener@42fbda54, org.springframework.boot.test.mock.mockito.MockitoTestExecutionListener@7c575535, org.springframework.boot.test.autoconfigure.SpringBootDependencyInjectionTestExecutionListener@771433a5, org.springframework.test.context.support.DirtiesContextTestExecutionListener@53d3d247, org.springframework.test.context.transaction.TransactionalTestExecutionListener@4f669b13, org.springframework.test.context.jdbc.SqlScriptsTestExecutionListener@95e9137, org.springframework.security.test.context.support.WithSecurityContextTestExecutionListener@5f8112a2, org.springframework.security.test.context.support.ReactorContextTestExecutionListener@128da2ff, org.springframework.boot.test.autoconfigure.restdocs.RestDocsTestExecutionListener@69480dbe, org.springframework.boot.test.autoconfigure.web.client.MockRestServiceServerResetTestExecutionListener@14e2ee89, org.springframework.boot.test.autoconfigure.web.servlet.MockMvcPrintOnlyOnFailureTestExecutionListener@4321eab5, org.springframework.boot.test.autoconfigure.web.servlet.WebDriverTestExecutionListener@3c442274, org.springframework.boot.test.mock.mockito.ResetMocksTestExecutionListener@15c8edbf]
21:49:08.551 [Test worker] DEBUG org.springframework.test.annotation.ProfileValueUtils - Retrieved @ProfileValueSourceConfiguration [null] for test class [com.jojoldu.book2.springboot.web.IndexControllerTest]
21:49:08.551 [Test worker] DEBUG org.springframework.test.annotation.ProfileValueUtils - Retrieved ProfileValueSource type [class org.springframework.test.annotation.SystemProfileValueSource] for class [com.jojoldu.book2.springboot.web.IndexControllerTest]
21:49:08.551 [Test worker] DEBUG org.springframework.test.annotation.ProfileValueUtils - Retrieved @ProfileValueSourceConfiguration [null] for test class [com.jojoldu.book2.springboot.web.IndexControllerTest]
21:49:08.551 [Test worker] DEBUG org.springframework.test.annotation.ProfileValueUtils - Retrieved ProfileValueSource type [class org.springframework.test.annotation.SystemProfileValueSource] for class [com.jojoldu.book2.springboot.web.IndexControllerTest]
21:49:08.571 [Test worker] DEBUG org.springframework.test.context.support.AbstractDirtiesContextTestExecutionListener - Before test class: context [DefaultTestContext@70fc5eca testClass = IndexControllerTest, testInstance = [null], testMethod = [null], testException = [null], mergedContextConfiguration = [WebMergedContextConfiguration@37ae5338 testClass = IndexControllerTest, locations = '{}', classes = '{class com.jojoldu.book2.springboot.Application}', contextInitializerClasses = '[]', activeProfiles = '{}', propertySourceLocations = '{}', propertySourceProperties = '{org.springframework.boot.test.context.SpringBootTestContextBootstrapper=true, server.port=0}', contextCustomizers = set[org.springframework.boot.test.autoconfigure.properties.PropertyMappingContextCustomizer@0, org.springframework.boot.test.autoconfigure.web.servlet.WebDriverContextCustomizerFactory$Customizer@7ff24d25, org.springframework.boot.test.context.filter.ExcludeFilterContextCustomizer@8198555, org.springframework.boot.test.json.DuplicateJsonObjectContextCustomizerFactory$DuplicateJsonObjectContextCustomizer@53a5c987, org.springframework.boot.test.mock.mockito.MockitoContextCustomizer@0, org.springframework.boot.test.web.client.TestRestTemplateContextCustomizer@7dfca730], resourceBasePath = 'src/main/webapp', contextLoader = 'org.springframework.boot.test.context.SpringBootContextLoader', parent = [null]], attributes = map['org.springframework.test.context.web.ServletTestExecutionListener.activateListener' -> false]], class annotated with @DirtiesContext [false] with mode [null].
21:49:08.571 [Test worker] DEBUG org.springframework.test.annotation.ProfileValueUtils - Retrieved @ProfileValueSourceConfiguration [null] for test class [com.jojoldu.book2.springboot.web.IndexControllerTest]
21:49:08.571 [Test worker] DEBUG org.springframework.test.annotation.ProfileValueUtils - Retrieved ProfileValueSource type [class org.springframework.test.annotation.SystemProfileValueSource] for class [com.jojoldu.book2.springboot.web.IndexControllerTest]
21:49:08.571 [Test worker] DEBUG org.springframework.test.context.support.DependencyInjectionTestExecutionListener - Performing dependency injection for test context [[DefaultTestContext@70fc5eca testClass = IndexControllerTest, testInstance = com.jojoldu.book2.springboot.web.IndexControllerTest@1ca34b57, testMethod = [null], testException = [null], mergedContextConfiguration = [WebMergedContextConfiguration@37ae5338 testClass = IndexControllerTest, locations = '{}', classes = '{class com.jojoldu.book2.springboot.Application}', contextInitializerClasses = '[]', activeProfiles = '{}', propertySourceLocations = '{}', propertySourceProperties = '{org.springframework.boot.test.context.SpringBootTestContextBootstrapper=true, server.port=0}', contextCustomizers = set[org.springframework.boot.test.autoconfigure.properties.PropertyMappingContextCustomizer@0, org.springframework.boot.test.autoconfigure.web.servlet.WebDriverContextCustomizerFactory$Customizer@7ff24d25, org.springframework.boot.test.context.filter.ExcludeFilterContextCustomizer@8198555, org.springframework.boot.test.json.DuplicateJsonObjectContextCustomizerFactory$DuplicateJsonObjectContextCustomizer@53a5c987, org.springframework.boot.test.mock.mockito.MockitoContextCustomizer@0, org.springframework.boot.test.web.client.TestRestTemplateContextCustomizer@7dfca730], resourceBasePath = 'src/main/webapp', contextLoader = 'org.springframework.boot.test.context.SpringBootContextLoader', parent = [null]], attributes = map['org.springframework.test.context.web.ServletTestExecutionListener.activateListener' -> false]]].
21:49:08.587 [Test worker] DEBUG org.springframework.test.context.support.TestPropertySourceUtils - Adding inlined properties to environment: {spring.jmx.enabled=false, org.springframework.boot.test.context.SpringBootTestContextBootstrapper=true, server.port=0}

  .   ____          _            __ _ _
 /\\ / ___'_ __ _ _(_)_ __  __ _ \ \ \ \
( ( )\___ | '_ | '_| | '_ \/ _` | \ \ \ \
 \\/  ___)| |_)| | | | | || (_| |  ) ) ) )
  '  |____| .__|_| |_|_| |_\__, | / / / /
 =========|_|==============|___/=/_/_/_/
 :: Spring Boot ::        (v2.1.7.RELEASE)

2020-07-16 21:49:08.868  INFO 12192 --- [    Test worker] c.j.b.s.web.IndexControllerTest          : Starting IndexControllerTest on YE-EUN with PID 12192 (started by kba30 in C:\Users\kba30\IdeaProjects\freelec-springboot-webservice)
2020-07-16 21:49:08.868  INFO 12192 --- [    Test worker] c.j.b.s.web.IndexControllerTest          : No active profile set, falling back to default profiles: default
2020-07-16 21:49:09.840  INFO 12192 --- [    Test worker] .s.d.r.c.RepositoryConfigurationDelegate : Bootstrapping Spring Data repositories in DEFAULT mode.
2020-07-16 21:49:09.934  INFO 12192 --- [    Test worker] .s.d.r.c.RepositoryConfigurationDelegate : Finished Spring Data repository scanning in 78ms. Found 2 repository interfaces.
2020-07-16 21:49:10.514  INFO 12192 --- [    Test worker] trationDelegate$BeanPostProcessorChecker : Bean 'org.springframework.transaction.annotation.ProxyTransactionManagementConfiguration' of type [org.springframework.transaction.annotation.ProxyTransactionManagementConfiguration$$EnhancerBySpringCGLIB$$26b491ba] is not eligible for getting processed by all BeanPostProcessors (for example: not eligible for auto-proxying)
2020-07-16 21:49:11.049  INFO 12192 --- [    Test worker] o.s.b.w.embedded.tomcat.TomcatWebServer  : Tomcat initialized with port(s): 0 (http)
2020-07-16 21:49:11.080  INFO 12192 --- [    Test worker] o.apache.catalina.core.StandardService   : Starting service [Tomcat]
2020-07-16 21:49:11.080  INFO 12192 --- [    Test worker] org.apache.catalina.core.StandardEngine  : Starting Servlet engine: [Apache Tomcat/9.0.22]
2020-07-16 21:49:11.258  INFO 12192 --- [    Test worker] o.a.c.c.C.[Tomcat].[localhost].[/]       : Initializing Spring embedded WebApplicationContext
2020-07-16 21:49:11.258  INFO 12192 --- [    Test worker] o.s.web.context.ContextLoader            : Root WebApplicationContext: initialization completed in 2358 ms
2020-07-16 21:49:11.602  INFO 12192 --- [    Test worker] com.zaxxer.hikari.HikariDataSource       : HikariPool-1 - Starting...
2020-07-16 21:49:11.820  INFO 12192 --- [    Test worker] com.zaxxer.hikari.HikariDataSource       : HikariPool-1 - Start completed.
2020-07-16 21:49:11.961  INFO 12192 --- [    Test worker] o.hibernate.jpa.internal.util.LogHelper  : HHH000204: Processing PersistenceUnitInfo [
	name: default
	...]
2020-07-16 21:49:12.046  INFO 12192 --- [    Test worker] org.hibernate.Version                    : HHH000412: Hibernate Core {5.3.10.Final}
2020-07-16 21:49:12.061  INFO 12192 --- [    Test worker] org.hibernate.cfg.Environment            : HHH000206: hibernate.properties not found
2020-07-16 21:49:12.328  INFO 12192 --- [    Test worker] o.hibernate.annotations.common.Version   : HCANN000001: Hibernate Commons Annotations {5.0.4.Final}
2020-07-16 21:49:12.594  INFO 12192 --- [    Test worker] org.hibernate.dialect.Dialect            : HHH000400: Using dialect: org.hibernate.dialect.MySQL5InnoDBDialect
2020-07-16 21:49:13.471  INFO 12192 --- [    Test worker] o.h.t.schema.internal.SchemaCreatorImpl  : HHH000476: Executing import script 'org.hibernate.tool.schema.internal.exec.ScriptSourceInputNonExistentImpl@3ddf59dd'
2020-07-16 21:49:13.471  INFO 12192 --- [    Test worker] j.LocalContainerEntityManagerFactoryBean : Initialized JPA EntityManagerFactory for persistence unit 'default'
2020-07-16 21:49:14.603  INFO 12192 --- [    Test worker] o.h.h.i.QueryTranslatorFactoryInitiator  : HHH000397: Using ASTQueryTranslatorFactory
2020-07-16 21:49:15.283  INFO 12192 --- [    Test worker] o.s.s.web.DefaultSecurityFilterChain     : Creating filter chain: any request, [org.springframework.security.web.context.request.async.WebAsyncManagerIntegrationFilter@7d9f8d3d, org.springframework.security.web.context.SecurityContextPersistenceFilter@2054608b, org.springframework.security.web.header.HeaderWriterFilter@174d74dd, org.springframework.security.web.authentication.logout.LogoutFilter@13ab3aa4, org.springframework.security.oauth2.client.web.OAuth2AuthorizationRequestRedirectFilter@60144188, org.springframework.security.oauth2.client.web.OAuth2LoginAuthenticationFilter@5242a9d9, org.springframework.security.web.authentication.ui.DefaultLoginPageGeneratingFilter@31e17561, org.springframework.security.web.authentication.ui.DefaultLogoutPageGeneratingFilter@75875afe, org.springframework.security.web.savedrequest.RequestCacheAwareFilter@5af126bc, org.springframework.security.web.servletapi.SecurityContextHolderAwareRequestFilter@7f3059ee, org.springframework.security.web.authentication.AnonymousAuthenticationFilter@49f79118, org.springframework.security.web.session.SessionManagementFilter@2b59bf8a, org.springframework.security.web.access.ExceptionTranslationFilter@5d5cf02d, org.springframework.security.web.access.intercept.FilterSecurityInterceptor@5dbf100e]
2020-07-16 21:49:15.753  INFO 12192 --- [    Test worker] o.s.s.concurrent.ThreadPoolTaskExecutor  : Initializing ExecutorService 'applicationTaskExecutor'
2020-07-16 21:49:15.831  WARN 12192 --- [    Test worker] aWebConfiguration$JpaWebMvcConfiguration : spring.jpa.open-in-view is enabled by default. Therefore, database queries may be performed during view rendering. Explicitly configure spring.jpa.open-in-view to disable this warning
2020-07-16 21:49:15.940  INFO 12192 --- [    Test worker] o.s.b.a.w.s.WelcomePageHandlerMapping    : Adding welcome page template: index
2020-07-16 21:49:16.500  INFO 12192 --- [    Test worker] s.a.ScheduledAnnotationBeanPostProcessor : No TaskScheduler/ScheduledExecutorService bean found for scheduled processing
2020-07-16 21:49:16.534  INFO 12192 --- [    Test worker] o.s.b.w.embedded.tomcat.TomcatWebServer  : Tomcat started on port(s): 56843 (http) with context path ''
2020-07-16 21:49:16.534  INFO 12192 --- [    Test worker] c.j.b.s.web.IndexControllerTest          : Started IndexControllerTest in 7.947 seconds (JVM running for 9.119)
2020-07-16 21:49:16.769  INFO 12192 --- [o-auto-1-exec-1] o.a.c.c.C.[Tomcat].[localhost].[/]       : Initializing Spring DispatcherServlet 'dispatcherServlet'
2020-07-16 21:49:16.769  INFO 12192 --- [o-auto-1-exec-1] o.s.web.servlet.DispatcherServlet        : Initializing Servlet 'dispatcherServlet'
2020-07-16 21:49:16.785  INFO 12192 --- [o-auto-1-exec-1] o.s.web.servlet.DispatcherServlet        : Completed initialization in 16 ms
]]></system-out>
  <system-err><![CDATA[]]></system-err>
</testsuite>
