<?xml version="1.0" encoding="UTF-8"?>
<testsuite name="com.jojoldu.book2.springboot.web.PostsApiControllerTest" tests="2" skipped="0" failures="0" errors="0" timestamp="2020-07-24T12:43:50" hostname="YE-EUN" time="0.158">
  <properties/>
  <testcase name="Posts_등록된다" classname="com.jojoldu.book2.springboot.web.PostsApiControllerTest" time="0.106"/>
  <testcase name="Posts_수정된다" classname="com.jojoldu.book2.springboot.web.PostsApiControllerTest" time="0.051"/>
  <system-out><![CDATA[2020-07-24 21:43:50.872  INFO 12308 --- [    Test worker] .b.t.c.SpringBootTestContextBootstrapper : Neither @ContextConfiguration nor @ContextHierarchy found for test class [com.jojoldu.book2.springboot.web.PostsApiControllerTest], using SpringBootContextLoader
2020-07-24 21:43:50.872  INFO 12308 --- [    Test worker] o.s.t.c.support.AbstractContextLoader    : Could not detect default resource locations for test class [com.jojoldu.book2.springboot.web.PostsApiControllerTest]: no resource found for suffixes {-context.xml, Context.groovy}.
2020-07-24 21:43:50.888  INFO 12308 --- [    Test worker] t.c.s.AnnotationConfigContextLoaderUtils : Could not detect default configuration classes for test class [com.jojoldu.book2.springboot.web.PostsApiControllerTest]: PostsApiControllerTest does not declare any static, non-private, non-final, nested classes annotated with @Configuration.
2020-07-24 21:43:50.888  INFO 12308 --- [    Test worker] .b.t.c.SpringBootTestContextBootstrapper : Found @SpringBootConfiguration com.jojoldu.book2.springboot.Application for test class com.jojoldu.book2.springboot.web.PostsApiControllerTest
2020-07-24 21:43:50.888  INFO 12308 --- [    Test worker] .b.t.c.SpringBootTestContextBootstrapper : Loaded default TestExecutionListener class names from location [META-INF/spring.factories]: [org.springframework.security.test.context.support.WithSecurityContextTestExecutionListener, org.springframework.security.test.context.support.ReactorContextTestExecutionListener, org.springframework.boot.test.autoconfigure.restdocs.RestDocsTestExecutionListener, org.springframework.boot.test.autoconfigure.web.client.MockRestServiceServerResetTestExecutionListener, org.springframework.boot.test.autoconfigure.web.servlet.MockMvcPrintOnlyOnFailureTestExecutionListener, org.springframework.boot.test.autoconfigure.web.servlet.WebDriverTestExecutionListener, org.springframework.boot.test.mock.mockito.MockitoTestExecutionListener, org.springframework.boot.test.mock.mockito.ResetMocksTestExecutionListener, org.springframework.test.context.web.ServletTestExecutionListener, org.springframework.test.context.support.DirtiesContextBeforeModesTestExecutionListener, org.springframework.test.context.support.DependencyInjectionTestExecutionListener, org.springframework.test.context.support.DirtiesContextTestExecutionListener, org.springframework.test.context.transaction.TransactionalTestExecutionListener, org.springframework.test.context.jdbc.SqlScriptsTestExecutionListener]
2020-07-24 21:43:50.888  INFO 12308 --- [    Test worker] .b.t.c.SpringBootTestContextBootstrapper : Using TestExecutionListeners: [org.springframework.test.context.web.ServletTestExecutionListener@21e15d8b, org.springframework.test.context.support.DirtiesContextBeforeModesTestExecutionListener@7e65e819, org.springframework.boot.test.mock.mockito.MockitoTestExecutionListener@56a0a759, org.springframework.boot.test.autoconfigure.SpringBootDependencyInjectionTestExecutionListener@33ed543b, org.springframework.test.context.support.DirtiesContextTestExecutionListener@18cb5ac8, org.springframework.test.context.transaction.TransactionalTestExecutionListener@49bf5ce8, org.springframework.test.context.jdbc.SqlScriptsTestExecutionListener@1a76a0e9, org.springframework.security.test.context.support.WithSecurityContextTestExecutionListener@43636310, org.springframework.security.test.context.support.ReactorContextTestExecutionListener@13c6cae, org.springframework.boot.test.autoconfigure.restdocs.RestDocsTestExecutionListener@32d7287d, org.springframework.boot.test.autoconfigure.web.client.MockRestServiceServerResetTestExecutionListener@1d09a726, org.springframework.boot.test.autoconfigure.web.servlet.MockMvcPrintOnlyOnFailureTestExecutionListener@452a3c74, org.springframework.boot.test.autoconfigure.web.servlet.WebDriverTestExecutionListener@27917163, org.springframework.boot.test.mock.mockito.ResetMocksTestExecutionListener@2c0e312c]
2020-07-24 21:43:50.904  INFO 12308 --- [    Test worker] o.a.c.c.C.[Tomcat].[localhost].[/]       : Initializing Spring TestDispatcherServlet ''
2020-07-24 21:43:50.904  INFO 12308 --- [    Test worker] o.s.t.web.servlet.TestDispatcherServlet  : Initializing Servlet ''
2020-07-24 21:43:50.904  INFO 12308 --- [    Test worker] o.s.t.web.servlet.TestDispatcherServlet  : Completed initialization in 0 ms
2020-07-24 21:43:51.013  INFO 12308 --- [    Test worker] o.a.c.c.C.[Tomcat].[localhost].[/]       : Initializing Spring TestDispatcherServlet ''
2020-07-24 21:43:51.013  INFO 12308 --- [    Test worker] o.s.t.web.servlet.TestDispatcherServlet  : Initializing Servlet ''
2020-07-24 21:43:51.013  INFO 12308 --- [    Test worker] o.s.t.web.servlet.TestDispatcherServlet  : Completed initialization in 0 ms
]]></system-out>
  <system-err><![CDATA[]]></system-err>
</testsuite>
