<?xml version="1.0" encoding="UTF-8"?>
<testsuite name="com.jojoldu.book2.springboot.domain.posts.PostsRepositoryTest" tests="2" skipped="0" failures="0" errors="0" timestamp="2020-07-16T12:49:19" hostname="YE-EUN" time="0.182">
  <properties/>
  <testcase name="게시글저장_불러오기" classname="com.jojoldu.book2.springboot.domain.posts.PostsRepositoryTest" time="0.167"/>
  <testcase name="BaseTimeEntity_등록" classname="com.jojoldu.book2.springboot.domain.posts.PostsRepositoryTest" time="0.015"/>
  <system-out><![CDATA[2020-07-16 21:49:17.067  INFO 12192 --- [    Test worker] .b.t.c.SpringBootTestContextBootstrapper : Neither @ContextConfiguration nor @ContextHierarchy found for test class [com.jojoldu.book2.springboot.domain.posts.PostsRepositoryTest], using SpringBootContextLoader
2020-07-16 21:49:17.067  INFO 12192 --- [    Test worker] o.s.t.c.support.AbstractContextLoader    : Could not detect default resource locations for test class [com.jojoldu.book2.springboot.domain.posts.PostsRepositoryTest]: no resource found for suffixes {-context.xml, Context.groovy}.
2020-07-16 21:49:17.067  INFO 12192 --- [    Test worker] t.c.s.AnnotationConfigContextLoaderUtils : Could not detect default configuration classes for test class [com.jojoldu.book2.springboot.domain.posts.PostsRepositoryTest]: PostsRepositoryTest does not declare any static, non-private, non-final, nested classes annotated with @Configuration.
2020-07-16 21:49:17.083  INFO 12192 --- [    Test worker] .b.t.c.SpringBootTestContextBootstrapper : Found @SpringBootConfiguration com.jojoldu.book2.springboot.Application for test class com.jojoldu.book2.springboot.domain.posts.PostsRepositoryTest
2020-07-16 21:49:17.083  INFO 12192 --- [    Test worker] .b.t.c.SpringBootTestContextBootstrapper : Loaded default TestExecutionListener class names from location [META-INF/spring.factories]: [org.springframework.security.test.context.support.WithSecurityContextTestExecutionListener, org.springframework.security.test.context.support.ReactorContextTestExecutionListener, org.springframework.boot.test.autoconfigure.restdocs.RestDocsTestExecutionListener, org.springframework.boot.test.autoconfigure.web.client.MockRestServiceServerResetTestExecutionListener, org.springframework.boot.test.autoconfigure.web.servlet.MockMvcPrintOnlyOnFailureTestExecutionListener, org.springframework.boot.test.autoconfigure.web.servlet.WebDriverTestExecutionListener, org.springframework.boot.test.mock.mockito.MockitoTestExecutionListener, org.springframework.boot.test.mock.mockito.ResetMocksTestExecutionListener, org.springframework.test.context.web.ServletTestExecutionListener, org.springframework.test.context.support.DirtiesContextBeforeModesTestExecutionListener, org.springframework.test.context.support.DependencyInjectionTestExecutionListener, org.springframework.test.context.support.DirtiesContextTestExecutionListener, org.springframework.test.context.transaction.TransactionalTestExecutionListener, org.springframework.test.context.jdbc.SqlScriptsTestExecutionListener]
2020-07-16 21:49:17.083  INFO 12192 --- [    Test worker] .b.t.c.SpringBootTestContextBootstrapper : Using TestExecutionListeners: [org.springframework.test.context.web.ServletTestExecutionListener@97e4e91, org.springframework.test.context.support.DirtiesContextBeforeModesTestExecutionListener@1f3c16de, org.springframework.boot.test.mock.mockito.MockitoTestExecutionListener@1ff1bad4, org.springframework.boot.test.autoconfigure.SpringBootDependencyInjectionTestExecutionListener@2dded381, org.springframework.test.context.support.DirtiesContextTestExecutionListener@562f1a6d, org.springframework.test.context.transaction.TransactionalTestExecutionListener@29da6c90, org.springframework.test.context.jdbc.SqlScriptsTestExecutionListener@3bef4465, org.springframework.security.test.context.support.WithSecurityContextTestExecutionListener@6076ca42, org.springframework.security.test.context.support.ReactorContextTestExecutionListener@4e244853, org.springframework.boot.test.autoconfigure.restdocs.RestDocsTestExecutionListener@34e003eb, org.springframework.boot.test.autoconfigure.web.client.MockRestServiceServerResetTestExecutionListener@75edb57e, org.springframework.boot.test.autoconfigure.web.servlet.MockMvcPrintOnlyOnFailureTestExecutionListener@231f455b, org.springframework.boot.test.autoconfigure.web.servlet.WebDriverTestExecutionListener@4f95e7bb, org.springframework.boot.test.mock.mockito.ResetMocksTestExecutionListener@7bde4af9]

  .   ____          _            __ _ _
 /\\ / ___'_ __ _ _(_)_ __  __ _ \ \ \ \
( ( )\___ | '_ | '_| | '_ \/ _` | \ \ \ \
 \\/  ___)| |_)| | | | | || (_| |  ) ) ) )
  '  |____| .__|_| |_|_| |_\__, | / / / /
 =========|_|==============|___/=/_/_/_/
 :: Spring Boot ::        (v2.1.7.RELEASE)

2020-07-16 21:49:17.131  INFO 12192 --- [    Test worker] c.j.b.s.d.posts.PostsRepositoryTest      : Starting PostsRepositoryTest on YE-EUN with PID 12192 (started by kba30 in C:\Users\kba30\IdeaProjects\freelec-springboot-webservice)
2020-07-16 21:49:17.131  INFO 12192 --- [    Test worker] c.j.b.s.d.posts.PostsRepositoryTest      : No active profile set, falling back to default profiles: default
2020-07-16 21:49:17.462  INFO 12192 --- [    Test worker] .s.d.r.c.RepositoryConfigurationDelegate : Bootstrapping Spring Data repositories in DEFAULT mode.
2020-07-16 21:49:17.500  INFO 12192 --- [    Test worker] .s.d.r.c.RepositoryConfigurationDelegate : Finished Spring Data repository scanning in 38ms. Found 2 repository interfaces.
2020-07-16 21:49:17.643  INFO 12192 --- [    Test worker] trationDelegate$BeanPostProcessorChecker : Bean 'org.springframework.transaction.annotation.ProxyTransactionManagementConfiguration' of type [org.springframework.transaction.annotation.ProxyTransactionManagementConfiguration$$EnhancerBySpringCGLIB$$26b491ba] is not eligible for getting processed by all BeanPostProcessors (for example: not eligible for auto-proxying)
2020-07-16 21:49:17.768  INFO 12192 --- [    Test worker] com.zaxxer.hikari.HikariDataSource       : HikariPool-2 - Starting...
2020-07-16 21:49:17.768  INFO 12192 --- [    Test worker] com.zaxxer.hikari.HikariDataSource       : HikariPool-2 - Start completed.
2020-07-16 21:49:17.802  INFO 12192 --- [    Test worker] o.hibernate.jpa.internal.util.LogHelper  : HHH000204: Processing PersistenceUnitInfo [
	name: default
	...]
2020-07-16 21:49:17.817  INFO 12192 --- [    Test worker] org.hibernate.dialect.Dialect            : HHH000400: Using dialect: org.hibernate.dialect.MySQL5InnoDBDialect
2020-07-16 21:49:17.911  INFO 12192 --- [    Test worker] o.h.t.schema.internal.SchemaCreatorImpl  : HHH000476: Executing import script 'org.hibernate.tool.schema.internal.exec.ScriptSourceInputNonExistentImpl@3ddf59dd'
2020-07-16 21:49:17.911  INFO 12192 --- [    Test worker] j.LocalContainerEntityManagerFactoryBean : Initialized JPA EntityManagerFactory for persistence unit 'default'
2020-07-16 21:49:18.197  INFO 12192 --- [    Test worker] o.h.h.i.QueryTranslatorFactoryInitiator  : HHH000397: Using ASTQueryTranslatorFactory
2020-07-16 21:49:18.416  INFO 12192 --- [    Test worker] o.s.s.web.DefaultSecurityFilterChain     : Creating filter chain: any request, [org.springframework.security.web.context.request.async.WebAsyncManagerIntegrationFilter@729bfd38, org.springframework.security.web.context.SecurityContextPersistenceFilter@5ca91982, org.springframework.security.web.header.HeaderWriterFilter@16c5d2f1, org.springframework.security.web.authentication.logout.LogoutFilter@b549692, org.springframework.security.oauth2.client.web.OAuth2AuthorizationRequestRedirectFilter@4b017ddc, org.springframework.security.oauth2.client.web.OAuth2LoginAuthenticationFilter@455a5921, org.springframework.security.web.authentication.ui.DefaultLoginPageGeneratingFilter@1fa5f9ed, org.springframework.security.web.authentication.ui.DefaultLogoutPageGeneratingFilter@bd1399a, org.springframework.security.web.savedrequest.RequestCacheAwareFilter@1a1106e1, org.springframework.security.web.servletapi.SecurityContextHolderAwareRequestFilter@227b1d08, org.springframework.security.web.authentication.AnonymousAuthenticationFilter@4bfe5aa1, org.springframework.security.web.session.SessionManagementFilter@6fba5b39, org.springframework.security.web.access.ExceptionTranslationFilter@322e9a0c, org.springframework.security.web.access.intercept.FilterSecurityInterceptor@207b2918]
2020-07-16 21:49:18.861  INFO 12192 --- [    Test worker] o.s.s.concurrent.ThreadPoolTaskExecutor  : Initializing ExecutorService 'applicationTaskExecutor'
2020-07-16 21:49:18.877  WARN 12192 --- [    Test worker] aWebConfiguration$JpaWebMvcConfiguration : spring.jpa.open-in-view is enabled by default. Therefore, database queries may be performed during view rendering. Explicitly configure spring.jpa.open-in-view to disable this warning
2020-07-16 21:49:18.924  INFO 12192 --- [    Test worker] o.s.b.a.w.s.WelcomePageHandlerMapping    : Adding welcome page template: index
2020-07-16 21:49:19.426  INFO 12192 --- [    Test worker] s.a.ScheduledAnnotationBeanPostProcessor : No TaskScheduler/ScheduledExecutorService bean found for scheduled processing
2020-07-16 21:49:19.441  INFO 12192 --- [    Test worker] c.j.b.s.d.posts.PostsRepositoryTest      : Started PostsRepositoryTest in 2.342 seconds (JVM running for 12.017)
>>>>>>>>> createDate=2020-07-16T21:49:19.613,modifiedDate=2020-07-16T21:49:19.613
]]></system-out>
  <system-err><![CDATA[]]></system-err>
</testsuite>
