<?xml version="1.0" encoding="UTF-8"?>
<testsuite name="com.jojoldu.book2.springboot.web.ProfileControllerTest" tests="1" skipped="0" failures="0" errors="0" timestamp="2020-08-03T05:07:21" hostname="YE-EUN" time="0.495">
  <properties/>
  <testcase name="profile은_인증없이_호출된다" classname="com.jojoldu.book2.springboot.web.ProfileControllerTest" time="0.495"/>
  <system-out><![CDATA[14:07:11.635 [Test worker] DEBUG org.springframework.test.context.junit4.SpringJUnit4ClassRunner - SpringJUnit4ClassRunner constructor called with [class com.jojoldu.book2.springboot.web.ProfileControllerTest]
14:07:11.650 [Test worker] DEBUG org.springframework.test.context.BootstrapUtils - Instantiating CacheAwareContextLoaderDelegate from class [org.springframework.test.context.cache.DefaultCacheAwareContextLoaderDelegate]
14:07:11.650 [Test worker] DEBUG org.springframework.test.context.BootstrapUtils - Instantiating BootstrapContext using constructor [public org.springframework.test.context.support.DefaultBootstrapContext(java.lang.Class,org.springframework.test.context.CacheAwareContextLoaderDelegate)]
14:07:11.682 [Test worker] DEBUG org.springframework.test.context.BootstrapUtils - Instantiating TestContextBootstrapper for test class [com.jojoldu.book2.springboot.web.ProfileControllerTest] from class [org.springframework.boot.test.context.SpringBootTestContextBootstrapper]
14:07:11.697 [Test worker] INFO org.springframework.boot.test.context.SpringBootTestContextBootstrapper - Neither @ContextConfiguration nor @ContextHierarchy found for test class [com.jojoldu.book2.springboot.web.ProfileControllerTest], using SpringBootContextLoader
14:07:11.697 [Test worker] DEBUG org.springframework.test.context.support.AbstractContextLoader - Did not detect default resource location for test class [com.jojoldu.book2.springboot.web.ProfileControllerTest]: class path resource [com/jojoldu/book2/springboot/web/ProfileControllerTest-context.xml] does not exist
14:07:11.697 [Test worker] DEBUG org.springframework.test.context.support.AbstractContextLoader - Did not detect default resource location for test class [com.jojoldu.book2.springboot.web.ProfileControllerTest]: class path resource [com/jojoldu/book2/springboot/web/ProfileControllerTestContext.groovy] does not exist
14:07:11.697 [Test worker] INFO org.springframework.test.context.support.AbstractContextLoader - Could not detect default resource locations for test class [com.jojoldu.book2.springboot.web.ProfileControllerTest]: no resource found for suffixes {-context.xml, Context.groovy}.
14:07:11.697 [Test worker] INFO org.springframework.test.context.support.AnnotationConfigContextLoaderUtils - Could not detect default configuration classes for test class [com.jojoldu.book2.springboot.web.ProfileControllerTest]: ProfileControllerTest does not declare any static, non-private, non-final, nested classes annotated with @Configuration.
14:07:11.760 [Test worker] DEBUG org.springframework.test.context.support.ActiveProfilesUtils - Could not find an 'annotation declaring class' for annotation type [org.springframework.test.context.ActiveProfiles] and class [com.jojoldu.book2.springboot.web.ProfileControllerTest]
14:07:11.916 [Test worker] DEBUG org.springframework.context.annotation.ClassPathScanningCandidateComponentProvider - Identified candidate component class: file [C:\Users\kba30\IdeaProjects\freelec-springboot-webservice\build\classes\java\main\com\jojoldu\book2\springboot\Application.class]
14:07:11.916 [Test worker] INFO org.springframework.boot.test.context.SpringBootTestContextBootstrapper - Found @SpringBootConfiguration com.jojoldu.book2.springboot.Application for test class com.jojoldu.book2.springboot.web.ProfileControllerTest
14:07:12.072 [Test worker] DEBUG org.springframework.boot.test.context.SpringBootTestContextBootstrapper - @TestExecutionListeners is not present for class [com.jojoldu.book2.springboot.web.ProfileControllerTest]: using defaults.
14:07:12.072 [Test worker] INFO org.springframework.boot.test.context.SpringBootTestContextBootstrapper - Loaded default TestExecutionListener class names from location [META-INF/spring.factories]: [org.springframework.security.test.context.support.WithSecurityContextTestExecutionListener, org.springframework.security.test.context.support.ReactorContextTestExecutionListener, org.springframework.boot.test.autoconfigure.restdocs.RestDocsTestExecutionListener, org.springframework.boot.test.autoconfigure.web.client.MockRestServiceServerResetTestExecutionListener, org.springframework.boot.test.autoconfigure.web.servlet.MockMvcPrintOnlyOnFailureTestExecutionListener, org.springframework.boot.test.autoconfigure.web.servlet.WebDriverTestExecutionListener, org.springframework.boot.test.mock.mockito.MockitoTestExecutionListener, org.springframework.boot.test.mock.mockito.ResetMocksTestExecutionListener, org.springframework.test.context.web.ServletTestExecutionListener, org.springframework.test.context.support.DirtiesContextBeforeModesTestExecutionListener, org.springframework.test.context.support.DependencyInjectionTestExecutionListener, org.springframework.test.context.support.DirtiesContextTestExecutionListener, org.springframework.test.context.transaction.TransactionalTestExecutionListener, org.springframework.test.context.jdbc.SqlScriptsTestExecutionListener]
14:07:12.103 [Test worker] INFO org.springframework.boot.test.context.SpringBootTestContextBootstrapper - Using TestExecutionListeners: [org.springframework.test.context.web.ServletTestExecutionListener@472f35af, org.springframework.test.context.support.DirtiesContextBeforeModesTestExecutionListener@15d88de0, org.springframework.boot.test.mock.mockito.MockitoTestExecutionListener@6d843ce5, org.springframework.boot.test.autoconfigure.SpringBootDependencyInjectionTestExecutionListener@184cdf83, org.springframework.test.context.support.DirtiesContextTestExecutionListener@26f00368, org.springframework.test.context.transaction.TransactionalTestExecutionListener@77962ddb, org.springframework.test.context.jdbc.SqlScriptsTestExecutionListener@3bb954d8, org.springframework.security.test.context.support.WithSecurityContextTestExecutionListener@45f724eb, org.springframework.security.test.context.support.ReactorContextTestExecutionListener@633a947e, org.springframework.boot.test.autoconfigure.restdocs.RestDocsTestExecutionListener@25048537, org.springframework.boot.test.autoconfigure.web.client.MockRestServiceServerResetTestExecutionListener@54ea0adb, org.springframework.boot.test.autoconfigure.web.servlet.MockMvcPrintOnlyOnFailureTestExecutionListener@2846bcd1, org.springframework.boot.test.autoconfigure.web.servlet.WebDriverTestExecutionListener@1fe854c3, org.springframework.boot.test.mock.mockito.ResetMocksTestExecutionListener@1ec45734]
14:07:12.119 [Test worker] DEBUG org.springframework.test.annotation.ProfileValueUtils - Retrieved @ProfileValueSourceConfiguration [null] for test class [com.jojoldu.book2.springboot.web.ProfileControllerTest]
14:07:12.119 [Test worker] DEBUG org.springframework.test.annotation.ProfileValueUtils - Retrieved ProfileValueSource type [class org.springframework.test.annotation.SystemProfileValueSource] for class [com.jojoldu.book2.springboot.web.ProfileControllerTest]
14:07:12.119 [Test worker] DEBUG org.springframework.test.annotation.ProfileValueUtils - Retrieved @ProfileValueSourceConfiguration [null] for test class [com.jojoldu.book2.springboot.web.ProfileControllerTest]
14:07:12.119 [Test worker] DEBUG org.springframework.test.annotation.ProfileValueUtils - Retrieved ProfileValueSource type [class org.springframework.test.annotation.SystemProfileValueSource] for class [com.jojoldu.book2.springboot.web.ProfileControllerTest]
14:07:12.119 [Test worker] DEBUG org.springframework.test.annotation.ProfileValueUtils - Retrieved @ProfileValueSourceConfiguration [null] for test class [com.jojoldu.book2.springboot.web.ProfileControllerTest]
14:07:12.119 [Test worker] DEBUG org.springframework.test.annotation.ProfileValueUtils - Retrieved ProfileValueSource type [class org.springframework.test.annotation.SystemProfileValueSource] for class [com.jojoldu.book2.springboot.web.ProfileControllerTest]
14:07:12.119 [Test worker] DEBUG org.springframework.test.context.support.AbstractDirtiesContextTestExecutionListener - Before test class: context [DefaultTestContext@69a9320f testClass = ProfileControllerTest, testInstance = [null], testMethod = [null], testException = [null], mergedContextConfiguration = [WebMergedContextConfiguration@7b058d4 testClass = ProfileControllerTest, locations = '{}', classes = '{class com.jojoldu.book2.springboot.Application}', contextInitializerClasses = '[]', activeProfiles = '{}', propertySourceLocations = '{}', propertySourceProperties = '{org.springframework.boot.test.context.SpringBootTestContextBootstrapper=true, server.port=0}', contextCustomizers = set[org.springframework.boot.test.autoconfigure.properties.PropertyMappingContextCustomizer@0, org.springframework.boot.test.autoconfigure.web.servlet.WebDriverContextCustomizerFactory$Customizer@53a5c987, org.springframework.boot.test.context.filter.ExcludeFilterContextCustomizer@61f37268, org.springframework.boot.test.json.DuplicateJsonObjectContextCustomizerFactory$DuplicateJsonObjectContextCustomizer@254eb716, org.springframework.boot.test.mock.mockito.MockitoContextCustomizer@0, org.springframework.boot.test.web.client.TestRestTemplateContextCustomizer@1859f9d8], resourceBasePath = 'src/main/webapp', contextLoader = 'org.springframework.boot.test.context.SpringBootContextLoader', parent = [null]], attributes = map['org.springframework.test.context.web.ServletTestExecutionListener.activateListener' -> false]], class annotated with @DirtiesContext [false] with mode [null].
14:07:12.135 [Test worker] DEBUG org.springframework.test.annotation.ProfileValueUtils - Retrieved @ProfileValueSourceConfiguration [null] for test class [com.jojoldu.book2.springboot.web.ProfileControllerTest]
14:07:12.135 [Test worker] DEBUG org.springframework.test.annotation.ProfileValueUtils - Retrieved ProfileValueSource type [class org.springframework.test.annotation.SystemProfileValueSource] for class [com.jojoldu.book2.springboot.web.ProfileControllerTest]
14:07:12.135 [Test worker] DEBUG org.springframework.test.context.support.DependencyInjectionTestExecutionListener - Performing dependency injection for test context [[DefaultTestContext@69a9320f testClass = ProfileControllerTest, testInstance = com.jojoldu.book2.springboot.web.ProfileControllerTest@20f0009d, testMethod = [null], testException = [null], mergedContextConfiguration = [WebMergedContextConfiguration@7b058d4 testClass = ProfileControllerTest, locations = '{}', classes = '{class com.jojoldu.book2.springboot.Application}', contextInitializerClasses = '[]', activeProfiles = '{}', propertySourceLocations = '{}', propertySourceProperties = '{org.springframework.boot.test.context.SpringBootTestContextBootstrapper=true, server.port=0}', contextCustomizers = set[org.springframework.boot.test.autoconfigure.properties.PropertyMappingContextCustomizer@0, org.springframework.boot.test.autoconfigure.web.servlet.WebDriverContextCustomizerFactory$Customizer@53a5c987, org.springframework.boot.test.context.filter.ExcludeFilterContextCustomizer@61f37268, org.springframework.boot.test.json.DuplicateJsonObjectContextCustomizerFactory$DuplicateJsonObjectContextCustomizer@254eb716, org.springframework.boot.test.mock.mockito.MockitoContextCustomizer@0, org.springframework.boot.test.web.client.TestRestTemplateContextCustomizer@1859f9d8], resourceBasePath = 'src/main/webapp', contextLoader = 'org.springframework.boot.test.context.SpringBootContextLoader', parent = [null]], attributes = map['org.springframework.test.context.web.ServletTestExecutionListener.activateListener' -> false]]].
14:07:12.166 [Test worker] DEBUG org.springframework.test.context.support.TestPropertySourceUtils - Adding inlined properties to environment: {spring.jmx.enabled=false, org.springframework.boot.test.context.SpringBootTestContextBootstrapper=true, server.port=0}

  .   ____          _            __ _ _
 /\\ / ___'_ __ _ _(_)_ __  __ _ \ \ \ \
( ( )\___ | '_ | '_| | '_ \/ _` | \ \ \ \
 \\/  ___)| |_)| | | | | || (_| |  ) ) ) )
  '  |____| .__|_| |_|_| |_\__, | / / / /
 =========|_|==============|___/=/_/_/_/
 :: Spring Boot ::        (v2.1.7.RELEASE)

2020-08-03 14:07:12.494  INFO 4708 --- [    Test worker] c.j.b.s.web.ProfileControllerTest        : Starting ProfileControllerTest on YE-EUN with PID 4708 (started by kba30 in C:\Users\kba30\IdeaProjects\freelec-springboot-webservice)
2020-08-03 14:07:12.494  INFO 4708 --- [    Test worker] c.j.b.s.web.ProfileControllerTest        : No active profile set, falling back to default profiles: default
2020-08-03 14:07:13.572  INFO 4708 --- [    Test worker] .s.d.r.c.RepositoryConfigurationDelegate : Bootstrapping Spring Data repositories in DEFAULT mode.
2020-08-03 14:07:13.666  INFO 4708 --- [    Test worker] .s.d.r.c.RepositoryConfigurationDelegate : Finished Spring Data repository scanning in 78ms. Found 2 repository interfaces.
2020-08-03 14:07:14.306  INFO 4708 --- [    Test worker] trationDelegate$BeanPostProcessorChecker : Bean 'org.springframework.transaction.annotation.ProxyTransactionManagementConfiguration' of type [org.springframework.transaction.annotation.ProxyTransactionManagementConfiguration$$EnhancerBySpringCGLIB$$dfdabbc0] is not eligible for getting processed by all BeanPostProcessors (for example: not eligible for auto-proxying)
2020-08-03 14:07:14.822  INFO 4708 --- [    Test worker] o.s.b.w.embedded.tomcat.TomcatWebServer  : Tomcat initialized with port(s): 0 (http)
2020-08-03 14:07:14.853  INFO 4708 --- [    Test worker] o.apache.catalina.core.StandardService   : Starting service [Tomcat]
2020-08-03 14:07:14.853  INFO 4708 --- [    Test worker] org.apache.catalina.core.StandardEngine  : Starting Servlet engine: [Apache Tomcat/9.0.22]
2020-08-03 14:07:15.009  INFO 4708 --- [    Test worker] o.a.c.c.C.[Tomcat].[localhost].[/]       : Initializing Spring embedded WebApplicationContext
2020-08-03 14:07:15.009  INFO 4708 --- [    Test worker] o.s.web.context.ContextLoader            : Root WebApplicationContext: initialization completed in 2484 ms
2020-08-03 14:07:15.353  INFO 4708 --- [    Test worker] com.zaxxer.hikari.HikariDataSource       : HikariPool-1 - Starting...
2020-08-03 14:07:15.556  INFO 4708 --- [    Test worker] com.zaxxer.hikari.HikariDataSource       : HikariPool-1 - Start completed.
2020-08-03 14:07:15.712  INFO 4708 --- [    Test worker] o.hibernate.jpa.internal.util.LogHelper  : HHH000204: Processing PersistenceUnitInfo [
	name: default
	...]
2020-08-03 14:07:15.806  INFO 4708 --- [    Test worker] org.hibernate.Version                    : HHH000412: Hibernate Core {5.3.10.Final}
2020-08-03 14:07:15.822  INFO 4708 --- [    Test worker] org.hibernate.cfg.Environment            : HHH000206: hibernate.properties not found
2020-08-03 14:07:16.087  INFO 4708 --- [    Test worker] o.hibernate.annotations.common.Version   : HCANN000001: Hibernate Commons Annotations {5.0.4.Final}
2020-08-03 14:07:17.009  INFO 4708 --- [    Test worker] org.hibernate.dialect.Dialect            : HHH000400: Using dialect: org.hibernate.dialect.MySQL5InnoDBDialect
2020-08-03 14:07:17.868  INFO 4708 --- [    Test worker] o.h.t.schema.internal.SchemaCreatorImpl  : HHH000476: Executing import script 'org.hibernate.tool.schema.internal.exec.ScriptSourceInputNonExistentImpl@39306b5a'
2020-08-03 14:07:17.868  INFO 4708 --- [    Test worker] j.LocalContainerEntityManagerFactoryBean : Initialized JPA EntityManagerFactory for persistence unit 'default'
2020-08-03 14:07:18.978  INFO 4708 --- [    Test worker] o.h.h.i.QueryTranslatorFactoryInitiator  : HHH000397: Using ASTQueryTranslatorFactory
2020-08-03 14:07:19.681  INFO 4708 --- [    Test worker] o.s.s.web.DefaultSecurityFilterChain     : Creating filter chain: any request, [org.springframework.security.web.context.request.async.WebAsyncManagerIntegrationFilter@2f033d20, org.springframework.security.web.context.SecurityContextPersistenceFilter@5e4f580b, org.springframework.security.web.header.HeaderWriterFilter@4bb74a19, org.springframework.security.web.authentication.logout.LogoutFilter@79572277, org.springframework.security.oauth2.client.web.OAuth2AuthorizationRequestRedirectFilter@53f1c1b8, org.springframework.security.oauth2.client.web.OAuth2LoginAuthenticationFilter@7f34f0a4, org.springframework.security.web.authentication.ui.DefaultLoginPageGeneratingFilter@73e6e953, org.springframework.security.web.authentication.ui.DefaultLogoutPageGeneratingFilter@40811d17, org.springframework.security.web.savedrequest.RequestCacheAwareFilter@dd533dc, org.springframework.security.web.servletapi.SecurityContextHolderAwareRequestFilter@5c669fa1, org.springframework.security.web.authentication.AnonymousAuthenticationFilter@36be550, org.springframework.security.web.session.SessionManagementFilter@48f91645, org.springframework.security.web.access.ExceptionTranslationFilter@6c5ccf36, org.springframework.security.web.access.intercept.FilterSecurityInterceptor@49f79118]
2020-08-03 14:07:20.212  INFO 4708 --- [    Test worker] o.s.s.concurrent.ThreadPoolTaskExecutor  : Initializing ExecutorService 'applicationTaskExecutor'
2020-08-03 14:07:20.306  WARN 4708 --- [    Test worker] aWebConfiguration$JpaWebMvcConfiguration : spring.jpa.open-in-view is enabled by default. Therefore, database queries may be performed during view rendering. Explicitly configure spring.jpa.open-in-view to disable this warning
2020-08-03 14:07:20.384  INFO 4708 --- [    Test worker] o.s.b.a.w.s.WelcomePageHandlerMapping    : Adding welcome page template: index
2020-08-03 14:07:21.026  INFO 4708 --- [    Test worker] s.a.ScheduledAnnotationBeanPostProcessor : No TaskScheduler/ScheduledExecutorService bean found for scheduled processing
2020-08-03 14:07:21.057  INFO 4708 --- [    Test worker] o.s.b.w.embedded.tomcat.TomcatWebServer  : Tomcat started on port(s): 52909 (http) with context path ''
2020-08-03 14:07:21.073  INFO 4708 --- [    Test worker] c.j.b.s.web.ProfileControllerTest        : Started ProfileControllerTest in 8.891 seconds (JVM running for 10.128)
2020-08-03 14:07:21.338  INFO 4708 --- [o-auto-1-exec-1] o.a.c.c.C.[Tomcat].[localhost].[/]       : Initializing Spring DispatcherServlet 'dispatcherServlet'
2020-08-03 14:07:21.338  INFO 4708 --- [o-auto-1-exec-1] o.s.web.servlet.DispatcherServlet        : Initializing Servlet 'dispatcherServlet'
2020-08-03 14:07:21.370  INFO 4708 --- [o-auto-1-exec-1] o.s.web.servlet.DispatcherServlet        : Completed initialization in 32 ms
]]></system-out>
  <system-err><![CDATA[]]></system-err>
</testsuite>
