<?xml version="1.0" encoding="UTF-8"?>
<testsuite name="com.jojoldu.book2.springboot.web.HelloControllerTest" tests="2" skipped="0" failures="0" errors="0" timestamp="2020-07-24T12:43:47" hostname="YE-EUN" time="0.219">
  <properties/>
  <testcase name="hello가_리턴된다" classname="com.jojoldu.book2.springboot.web.HelloControllerTest" time="0.097"/>
  <testcase name="helloDto가_리턴된다" classname="com.jojoldu.book2.springboot.web.HelloControllerTest" time="0.122"/>
  <system-out><![CDATA[2020-07-24 21:43:45.430  INFO 12308 --- [    Test worker] .b.t.a.w.s.WebMvcTestContextBootstrapper : Neither @ContextConfiguration nor @ContextHierarchy found for test class [com.jojoldu.book2.springboot.web.HelloControllerTest], using SpringBootContextLoader
2020-07-24 21:43:45.430  INFO 12308 --- [    Test worker] o.s.t.c.support.AbstractContextLoader    : Could not detect default resource locations for test class [com.jojoldu.book2.springboot.web.HelloControllerTest]: no resource found for suffixes {-context.xml, Context.groovy}.
2020-07-24 21:43:45.461  INFO 12308 --- [    Test worker] t.c.s.AnnotationConfigContextLoaderUtils : Could not detect default configuration classes for test class [com.jojoldu.book2.springboot.web.HelloControllerTest]: HelloControllerTest does not declare any static, non-private, non-final, nested classes annotated with @Configuration.
2020-07-24 21:43:45.492  INFO 12308 --- [    Test worker] .b.t.c.SpringBootTestContextBootstrapper : Found @SpringBootConfiguration com.jojoldu.book2.springboot.Application for test class com.jojoldu.book2.springboot.web.HelloControllerTest
2020-07-24 21:43:45.492  INFO 12308 --- [    Test worker] .b.t.a.w.s.WebMvcTestContextBootstrapper : Loaded default TestExecutionListener class names from location [META-INF/spring.factories]: [org.springframework.security.test.context.support.WithSecurityContextTestExecutionListener, org.springframework.security.test.context.support.ReactorContextTestExecutionListener, org.springframework.boot.test.autoconfigure.restdocs.RestDocsTestExecutionListener, org.springframework.boot.test.autoconfigure.web.client.MockRestServiceServerResetTestExecutionListener, org.springframework.boot.test.autoconfigure.web.servlet.MockMvcPrintOnlyOnFailureTestExecutionListener, org.springframework.boot.test.autoconfigure.web.servlet.WebDriverTestExecutionListener, org.springframework.boot.test.mock.mockito.MockitoTestExecutionListener, org.springframework.boot.test.mock.mockito.ResetMocksTestExecutionListener, org.springframework.test.context.web.ServletTestExecutionListener, org.springframework.test.context.support.DirtiesContextBeforeModesTestExecutionListener, org.springframework.test.context.support.DependencyInjectionTestExecutionListener, org.springframework.test.context.support.DirtiesContextTestExecutionListener, org.springframework.test.context.transaction.TransactionalTestExecutionListener, org.springframework.test.context.jdbc.SqlScriptsTestExecutionListener]
2020-07-24 21:43:45.492  INFO 12308 --- [    Test worker] .b.t.a.w.s.WebMvcTestContextBootstrapper : Using TestExecutionListeners: [org.springframework.test.context.web.ServletTestExecutionListener@39d13f3b, org.springframework.test.context.support.DirtiesContextBeforeModesTestExecutionListener@3be418f8, org.springframework.boot.test.mock.mockito.MockitoTestExecutionListener@5410b01e, org.springframework.boot.test.autoconfigure.SpringBootDependencyInjectionTestExecutionListener@7df77192, org.springframework.test.context.support.DirtiesContextTestExecutionListener@4d6fb1f0, org.springframework.test.context.transaction.TransactionalTestExecutionListener@56d7537d, org.springframework.test.context.jdbc.SqlScriptsTestExecutionListener@79689f9, org.springframework.security.test.context.support.WithSecurityContextTestExecutionListener@412b0378, org.springframework.security.test.context.support.ReactorContextTestExecutionListener@717bda9c, org.springframework.boot.test.autoconfigure.restdocs.RestDocsTestExecutionListener@1ddb3375, org.springframework.boot.test.autoconfigure.web.client.MockRestServiceServerResetTestExecutionListener@2e31a876, org.springframework.boot.test.autoconfigure.web.servlet.MockMvcPrintOnlyOnFailureTestExecutionListener@37185e0b, org.springframework.boot.test.autoconfigure.web.servlet.WebDriverTestExecutionListener@1898cd4e, org.springframework.boot.test.mock.mockito.ResetMocksTestExecutionListener@5c1c15b3]

  .   ____          _            __ _ _
 /\\ / ___'_ __ _ _(_)_ __  __ _ \ \ \ \
( ( )\___ | '_ | '_| | '_ \/ _` | \ \ \ \
 \\/  ___)| |_)| | | | | || (_| |  ) ) ) )
  '  |____| .__|_| |_|_| |_\__, | / / / /
 =========|_|==============|___/=/_/_/_/
 :: Spring Boot ::        (v2.1.7.RELEASE)

2020-07-24 21:43:45.539  INFO 12308 --- [    Test worker] c.j.b.s.web.HelloControllerTest          : Starting HelloControllerTest on YE-EUN with PID 12308 (started by kba30 in C:\Users\kba30\IdeaProjects\freelec-springboot-webservice)
2020-07-24 21:43:45.539  INFO 12308 --- [    Test worker] c.j.b.s.web.HelloControllerTest          : No active profile set, falling back to default profiles: default
2020-07-24 21:43:46.433  INFO 12308 --- [    Test worker] o.s.s.concurrent.ThreadPoolTaskExecutor  : Initializing ExecutorService 'applicationTaskExecutor'
2020-07-24 21:43:46.495  INFO 12308 --- [    Test worker] o.s.b.a.w.s.WelcomePageHandlerMapping    : Adding welcome page template: index
2020-07-24 21:43:46.852  INFO 12308 --- [    Test worker] .s.s.UserDetailsServiceAutoConfiguration : 

Using generated security password: 4fb445a2-c567-444d-8fb4-786113de8379

2020-07-24 21:43:47.055  INFO 12308 --- [    Test worker] o.s.s.web.DefaultSecurityFilterChain     : Creating filter chain: any request, [org.springframework.security.web.context.request.async.WebAsyncManagerIntegrationFilter@c035764, org.springframework.security.web.context.SecurityContextPersistenceFilter@4f2d0625, org.springframework.security.web.header.HeaderWriterFilter@3622db29, org.springframework.security.web.csrf.CsrfFilter@4f64405c, org.springframework.security.web.authentication.logout.LogoutFilter@334513b3, org.springframework.security.web.authentication.UsernamePasswordAuthenticationFilter@40ccc4f, org.springframework.security.web.authentication.ui.DefaultLoginPageGeneratingFilter@6f47300a, org.springframework.security.web.authentication.ui.DefaultLogoutPageGeneratingFilter@38821fbb, org.springframework.security.web.authentication.www.BasicAuthenticationFilter@559cb8aa, org.springframework.security.web.savedrequest.RequestCacheAwareFilter@5c7e3e29, org.springframework.security.web.servletapi.SecurityContextHolderAwareRequestFilter@7ca55d1c, org.springframework.security.web.authentication.AnonymousAuthenticationFilter@86bb9e9, org.springframework.security.web.session.SessionManagementFilter@5b291b11, org.springframework.security.web.access.ExceptionTranslationFilter@76ccb198, org.springframework.security.web.access.intercept.FilterSecurityInterceptor@448d3f45]
2020-07-24 21:43:47.114  INFO 12308 --- [    Test worker] o.s.b.t.m.w.SpringBootMockServletContext : Initializing Spring TestDispatcherServlet ''
2020-07-24 21:43:47.114  INFO 12308 --- [    Test worker] o.s.t.web.servlet.TestDispatcherServlet  : Initializing Servlet ''
2020-07-24 21:43:47.129  INFO 12308 --- [    Test worker] o.s.t.web.servlet.TestDispatcherServlet  : Completed initialization in 15 ms
2020-07-24 21:43:47.160  INFO 12308 --- [    Test worker] c.j.b.s.web.HelloControllerTest          : Started HelloControllerTest in 1.668 seconds (JVM running for 12.201)
]]></system-out>
  <system-err><![CDATA[]]></system-err>
</testsuite>
