<?xml version="1.0" encoding="UTF-8"?>
<testsuite name="com.jojoldu.book2.springboot.web.HelloControllerTest" tests="2" skipped="0" failures="0" errors="0" timestamp="2020-07-16T12:49:20" hostname="YE-EUN" time="0.185">
  <properties/>
  <testcase name="hello가_리턴된다" classname="com.jojoldu.book2.springboot.web.HelloControllerTest" time="0.046"/>
  <testcase name="helloDto가_리턴된다" classname="com.jojoldu.book2.springboot.web.HelloControllerTest" time="0.137"/>
  <system-out><![CDATA[2020-07-16 21:49:19.644  INFO 12192 --- [    Test worker] .b.t.a.w.s.WebMvcTestContextBootstrapper : Neither @ContextConfiguration nor @ContextHierarchy found for test class [com.jojoldu.book2.springboot.web.HelloControllerTest], using SpringBootContextLoader
2020-07-16 21:49:19.644  INFO 12192 --- [    Test worker] o.s.t.c.support.AbstractContextLoader    : Could not detect default resource locations for test class [com.jojoldu.book2.springboot.web.HelloControllerTest]: no resource found for suffixes {-context.xml, Context.groovy}.
2020-07-16 21:49:19.644  INFO 12192 --- [    Test worker] t.c.s.AnnotationConfigContextLoaderUtils : Could not detect default configuration classes for test class [com.jojoldu.book2.springboot.web.HelloControllerTest]: HelloControllerTest does not declare any static, non-private, non-final, nested classes annotated with @Configuration.
2020-07-16 21:49:19.660  INFO 12192 --- [    Test worker] .b.t.c.SpringBootTestContextBootstrapper : Found @SpringBootConfiguration com.jojoldu.book2.springboot.Application for test class com.jojoldu.book2.springboot.web.HelloControllerTest
2020-07-16 21:49:19.660  INFO 12192 --- [    Test worker] .b.t.a.w.s.WebMvcTestContextBootstrapper : Loaded default TestExecutionListener class names from location [META-INF/spring.factories]: [org.springframework.security.test.context.support.WithSecurityContextTestExecutionListener, org.springframework.security.test.context.support.ReactorContextTestExecutionListener, org.springframework.boot.test.autoconfigure.restdocs.RestDocsTestExecutionListener, org.springframework.boot.test.autoconfigure.web.client.MockRestServiceServerResetTestExecutionListener, org.springframework.boot.test.autoconfigure.web.servlet.MockMvcPrintOnlyOnFailureTestExecutionListener, org.springframework.boot.test.autoconfigure.web.servlet.WebDriverTestExecutionListener, org.springframework.boot.test.mock.mockito.MockitoTestExecutionListener, org.springframework.boot.test.mock.mockito.ResetMocksTestExecutionListener, org.springframework.test.context.web.ServletTestExecutionListener, org.springframework.test.context.support.DirtiesContextBeforeModesTestExecutionListener, org.springframework.test.context.support.DependencyInjectionTestExecutionListener, org.springframework.test.context.support.DirtiesContextTestExecutionListener, org.springframework.test.context.transaction.TransactionalTestExecutionListener, org.springframework.test.context.jdbc.SqlScriptsTestExecutionListener]
2020-07-16 21:49:19.660  INFO 12192 --- [    Test worker] .b.t.a.w.s.WebMvcTestContextBootstrapper : Using TestExecutionListeners: [org.springframework.test.context.web.ServletTestExecutionListener@c9242ef, org.springframework.test.context.support.DirtiesContextBeforeModesTestExecutionListener@3210c94d, org.springframework.boot.test.mock.mockito.MockitoTestExecutionListener@40b0d248, org.springframework.boot.test.autoconfigure.SpringBootDependencyInjectionTestExecutionListener@6116d11e, org.springframework.test.context.support.DirtiesContextTestExecutionListener@7f0d62e9, org.springframework.test.context.transaction.TransactionalTestExecutionListener@4be386e4, org.springframework.test.context.jdbc.SqlScriptsTestExecutionListener@d873f42, org.springframework.security.test.context.support.WithSecurityContextTestExecutionListener@5ace81cd, org.springframework.security.test.context.support.ReactorContextTestExecutionListener@4e40aa57, org.springframework.boot.test.autoconfigure.restdocs.RestDocsTestExecutionListener@19c3d1dd, org.springframework.boot.test.autoconfigure.web.client.MockRestServiceServerResetTestExecutionListener@2d8a8088, org.springframework.boot.test.autoconfigure.web.servlet.MockMvcPrintOnlyOnFailureTestExecutionListener@3e4ac1d, org.springframework.boot.test.autoconfigure.web.servlet.WebDriverTestExecutionListener@48bdbc24, org.springframework.boot.test.mock.mockito.ResetMocksTestExecutionListener@4ff7d1d7]

  .   ____          _            __ _ _
 /\\ / ___'_ __ _ _(_)_ __  __ _ \ \ \ \
( ( )\___ | '_ | '_| | '_ \/ _` | \ \ \ \
 \\/  ___)| |_)| | | | | || (_| |  ) ) ) )
  '  |____| .__|_| |_|_| |_\__, | / / / /
 =========|_|==============|___/=/_/_/_/
 :: Spring Boot ::        (v2.1.7.RELEASE)

2020-07-16 21:49:19.691  INFO 12192 --- [    Test worker] c.j.b.s.web.HelloControllerTest          : Starting HelloControllerTest on YE-EUN with PID 12192 (started by kba30 in C:\Users\kba30\IdeaProjects\freelec-springboot-webservice)
2020-07-16 21:49:19.707  INFO 12192 --- [    Test worker] c.j.b.s.web.HelloControllerTest          : No active profile set, falling back to default profiles: default
2020-07-16 21:49:20.208  INFO 12192 --- [    Test worker] o.s.s.concurrent.ThreadPoolTaskExecutor  : Initializing ExecutorService 'applicationTaskExecutor'
2020-07-16 21:49:20.246  INFO 12192 --- [    Test worker] o.s.b.a.w.s.WelcomePageHandlerMapping    : Adding welcome page template: index
2020-07-16 21:49:20.497  INFO 12192 --- [    Test worker] .s.s.UserDetailsServiceAutoConfiguration : 

Using generated security password: 1efe08c7-7669-4dd5-a9ce-731fed2c36b4

2020-07-16 21:49:20.654  INFO 12192 --- [    Test worker] o.s.s.web.DefaultSecurityFilterChain     : Creating filter chain: any request, [org.springframework.security.web.context.request.async.WebAsyncManagerIntegrationFilter@23eb8c91, org.springframework.security.web.context.SecurityContextPersistenceFilter@6b32f512, org.springframework.security.web.header.HeaderWriterFilter@17c0ca4e, org.springframework.security.web.csrf.CsrfFilter@6050167, org.springframework.security.web.authentication.logout.LogoutFilter@6b3a82, org.springframework.security.web.authentication.UsernamePasswordAuthenticationFilter@7381d412, org.springframework.security.web.authentication.ui.DefaultLoginPageGeneratingFilter@741a7c5c, org.springframework.security.web.authentication.ui.DefaultLogoutPageGeneratingFilter@189147c9, org.springframework.security.web.authentication.www.BasicAuthenticationFilter@6028a043, org.springframework.security.web.savedrequest.RequestCacheAwareFilter@5bb8f6cf, org.springframework.security.web.servletapi.SecurityContextHolderAwareRequestFilter@4a3bd54c, org.springframework.security.web.authentication.AnonymousAuthenticationFilter@3d9ed620, org.springframework.security.web.session.SessionManagementFilter@39e0ffe8, org.springframework.security.web.access.ExceptionTranslationFilter@46dedc9f, org.springframework.security.web.access.intercept.FilterSecurityInterceptor@76422ab3]
2020-07-16 21:49:20.686  INFO 12192 --- [    Test worker] o.s.b.t.m.w.SpringBootMockServletContext : Initializing Spring TestDispatcherServlet ''
2020-07-16 21:49:20.686  INFO 12192 --- [    Test worker] o.s.t.web.servlet.TestDispatcherServlet  : Initializing Servlet ''
2020-07-16 21:49:20.702  INFO 12192 --- [    Test worker] o.s.t.web.servlet.TestDispatcherServlet  : Completed initialization in 16 ms
2020-07-16 21:49:20.749  INFO 12192 --- [    Test worker] c.j.b.s.web.HelloControllerTest          : Started HelloControllerTest in 1.073 seconds (JVM running for 13.328)
]]></system-out>
  <system-err><![CDATA[]]></system-err>
</testsuite>
